 Container clickhouse  Running

[94m════════════════════════════════════════════════════════════
  META PIPELINE — WEEKLY REFRESH
  Date    : 2026-04-05
  Dry run : False
  Started : 07:00:02
════════════════════════════════════════════════════════════[0m

[94mℹ️  
Step 9: Pattern Builder (full remap)[0m
[94mℹ️    Full remap of all features to all patterns[0m
[94mℹ️    Command: docker compose run --rm pattern_builder --full[0m
[91m❌ Step 9 FAILED — docker compose not found. Run meta_pipeline.py from inside the trading-lab directory.[0m
[91m❌ 
Weekly refresh stopped at Step 9: Pattern Builder (full remap)[0m

[91m════════════════════════════════════════════════════════════
  ❌ PIPELINE FAILED — 0.0s
════════════════════════════════════════════════════════════[0m


 Container clickhouse  Running

[94m════════════════════════════════════════════════════════════
  META PIPELINE — WEEKLY REFRESH
  Date    : 2026-04-12
  Dry run : False
  Started : 07:00:03
════════════════════════════════════════════════════════════[0m

[94mℹ️  
Step 9: Pattern Builder (full remap)[0m
[94mℹ️    Full remap of all features to all patterns[0m
[94mℹ️    Command: docker compose run --rm pattern_builder --full[0m
[91m❌ Step 9 FAILED — docker compose not found. Run meta_pipeline.py from inside the trading-lab directory.[0m
[91m❌ 
Weekly refresh stopped at Step 9: Pattern Builder (full remap)[0m

[91m════════════════════════════════════════════════════════════
  ❌ PIPELINE FAILED — 0.0s
════════════════════════════════════════════════════════════[0m


